<?xml version="1.0" encoding="UTF-8"?>
<testsuite name="com.hayden.limg_diary.LimgDiaryApplicationTests" tests="1" skipped="0" failures="0" errors="0" timestamp="2024-08-14T14:17:12" hostname="HAJUNKWON" time="0.338">
  <properties/>
  <testcase name="contextLoads()" classname="com.hayden.limg_diary.LimgDiaryApplicationTests" time="0.338"/>
  <system-out><![CDATA[23:17:08.178 [Test worker] INFO org.springframework.test.context.support.AnnotationConfigContextLoaderUtils -- Could not detect default configuration classes for test class [com.hayden.limg_diary.LimgDiaryApplicationTests]: LimgDiaryApplicationTests does not declare any static, non-private, non-final, nested classes annotated with @Configuration.
23:17:08.272 [Test worker] INFO org.springframework.boot.test.context.SpringBootTestContextBootstrapper -- Found @SpringBootConfiguration com.hayden.limg_diary.LimgDiaryApplication for test class com.hayden.limg_diary.LimgDiaryApplicationTests

  .   ____          _            __ _ _
 /\\ / ___'_ __ _ _(_)_ __  __ _ \ \ \ \
( ( )\___ | '_ | '_| | '_ \/ _` | \ \ \ \
 \\/  ___)| |_)| | | | | || (_| |  ) ) ) )
  '  |____| .__|_| |_|_| |_\__, | / / / /
 =========|_|==============|___/=/_/_/_/

 :: Spring Boot ::                (v3.3.2)

2024-08-14T23:17:08.566+09:00  INFO 17380 --- [limg-diary] [    Test worker] c.h.l.LimgDiaryApplicationTests          : Starting LimgDiaryApplicationTests using Java 21.0.1 with PID 17380 (started by gkwns in C:\Users\gkwns\Hajun\Limg-Diary\limg-diary-server)
2024-08-14T23:17:08.568+09:00  INFO 17380 --- [limg-diary] [    Test worker] c.h.l.LimgDiaryApplicationTests          : No active profile set, falling back to 1 default profile: "default"
2024-08-14T23:17:09.142+09:00  INFO 17380 --- [limg-diary] [    Test worker] .s.d.r.c.RepositoryConfigurationDelegate : Bootstrapping Spring Data JPA repositories in DEFAULT mode.
2024-08-14T23:17:09.280+09:00  INFO 17380 --- [limg-diary] [    Test worker] .s.d.r.c.RepositoryConfigurationDelegate : Finished Spring Data repository scanning in 132 ms. Found 12 JPA repository interfaces.
2024-08-14T23:17:09.771+09:00  INFO 17380 --- [limg-diary] [    Test worker] o.hibernate.jpa.internal.util.LogHelper  : HHH000204: Processing PersistenceUnitInfo [name: default]
2024-08-14T23:17:09.834+09:00  INFO 17380 --- [limg-diary] [    Test worker] org.hibernate.Version                    : HHH000412: Hibernate ORM core version 6.5.2.Final
2024-08-14T23:17:09.867+09:00  INFO 17380 --- [limg-diary] [    Test worker] o.h.c.internal.RegionFactoryInitiator    : HHH000026: Second-level cache disabled
2024-08-14T23:17:10.127+09:00  INFO 17380 --- [limg-diary] [    Test worker] o.s.o.j.p.SpringPersistenceUnitInfo      : No LoadTimeWeaver setup: ignoring JPA class transformer
2024-08-14T23:17:10.150+09:00  INFO 17380 --- [limg-diary] [    Test worker] com.zaxxer.hikari.HikariDataSource       : HikariPool-1 - Starting...
2024-08-14T23:17:10.422+09:00  INFO 17380 --- [limg-diary] [    Test worker] com.zaxxer.hikari.pool.HikariPool        : HikariPool-1 - Added connection com.mysql.cj.jdbc.ConnectionImpl@4caf875c
2024-08-14T23:17:10.424+09:00  INFO 17380 --- [limg-diary] [    Test worker] com.zaxxer.hikari.HikariDataSource       : HikariPool-1 - Start completed.
2024-08-14T23:17:11.269+09:00  INFO 17380 --- [limg-diary] [    Test worker] o.h.e.t.j.p.i.JtaPlatformInitiator       : HHH000489: No JTA platform available (set 'hibernate.transaction.jta.platform' to enable JTA platform integration)
2024-08-14T23:17:11.271+09:00  INFO 17380 --- [limg-diary] [    Test worker] j.LocalContainerEntityManagerFactoryBean : Initialized JPA EntityManagerFactory for persistence unit 'default'
2024-08-14T23:17:11.725+09:00  WARN 17380 --- [limg-diary] [    Test worker] JpaBaseConfiguration$JpaWebConfiguration : spring.jpa.open-in-view is enabled by default. Therefore, database queries may be performed during view rendering. Explicitly configure spring.jpa.open-in-view to disable this warning
2024-08-14T23:17:11.747+09:00  INFO 17380 --- [limg-diary] [    Test worker] r$InitializeUserDetailsManagerConfigurer : Global AuthenticationManager configured with UserDetailsService bean with name customUserDetailsService
Hibernate: 
    select
        re1_0.id,
        re1_0.created_date,
        re1_0.level,
        re1_0.name,
        re1_0.role,
        re1_0.updated_date 
    from
        role re1_0 
    where
        re1_0.level=?
Hibernate: 
    select
        re1_0.id,
        re1_0.created_date,
        re1_0.level,
        re1_0.name,
        re1_0.role,
        re1_0.updated_date 
    from
        role re1_0 
    where
        re1_0.level=?
2024-08-14T23:17:12.416+09:00  INFO 17380 --- [limg-diary] [    Test worker] c.h.l.LimgDiaryApplicationTests          : Started LimgDiaryApplicationTests in 4.02 seconds (process running for 4.935)
Hibernate: 
    select
        re1_0.id,
        re1_0.created_date,
        re1_0.refresh,
        re1_0.updated_date 
    from
        refresh re1_0 
    order by
        re1_0.created_date
]]></system-out>
  <system-err><![CDATA[WARNING: A Java agent has been loaded dynamically (C:\Users\gkwns\.gradle\caches\modules-2\files-2.1\net.bytebuddy\byte-buddy-agent\1.14.18\417558ea01fe9f0e8a94af28b9469d281c4e3984\byte-buddy-agent-1.14.18.jar)
WARNING: If a serviceability tool is in use, please run with -XX:+EnableDynamicAgentLoading to hide this warning
WARNING: If a serviceability tool is not in use, please run with -Djdk.instrument.traceUsage for more information
WARNING: Dynamic loading of agents will be disallowed by default in a future release
]]></system-err>
</testsuite>
